<?xml version="1.0" encoding="UTF-8"?>
<!-- Generated by org.testng.reporters.JUnitReportReporter -->
<testsuite skipped="0" hostname="qainfotech-Latitude-3490" name="com.dhruv.test.testFlakey.testPackage.Test3" tests="1" failures="0" timestamp="25 Aug 2021 01:16:16 GMT" time="0.001" errors="0">
  <testcase name="test" time="0.001" classname="com.dhruv.test.testFlakey.testPackage.Test3"/>
</testsuite> <!-- com.dhruv.test.testFlakey.testPackage.Test3 -->
